MPASM  5.31                          MAIN.ASM   10-12-2022  12:04:21         PAGE  1


LOC  OBJECT CODE     LINE SOURCE TEXT
  VALUE

                      00001 
                      00002 ;*******************************************************************************
                      00003 ;       Programa para encender LEDs                                     Fecha: 07-10-2022
                      00004 ;       - Dispositivo: PIC16F628A
                      00005 ;       - Perro guardian: OFF
                      00006 ;       - Reloj: interno
                      00007 ;       - Proteccion del codigo: OFF
                      00008 ;*******************************************************************************
                      00009 
                      00010 
                      00011 ;*******************************************************************************
                      00012 ; Zona de dat   os
                      00013 ;*******************************************************************************
                      00014 
2007   3F01           00015                 __CONFIG 3F01
                      00016                 LIST    P=16F628A
                      00017                 #INCLUDE <P16F628A.INC>
                      00001         LIST
                      00002 ; P16F628A.INC  Standard Header File, Version 1.10    Microchip Technology, Inc.
                      00265         LIST
                      00266 
                      00018                 ERRORLEVEL -302
                      00019                 ORG     0X00
                      00020         
                      00021 ;*******************************************************************************
                      00022 ; Constantes
                      00023 ;*******************************************************************************
                      00024 
  00000020            00025 CONT    EQU 0X20
  00000021            00026 CONT2   EQU 0X21
  00000022            00027 CONT3   EQU 0X22
                      00028 
                      00029 ;*******************************************************************************
                      00030 ; Zona de codigos
                      00031 ;*******************************************************************************
                      00032 ; Subrutina principal
                      00033 ;********************
                      00034 
                      00035 
                      00036 
0000   2???           00037 INICIO  CALL BUCLE_LEDS_500MS
0001   2???           00038                 GOTO INICIO
                      00039 
                      00040 
0002   30FA           00041 DELAY_1MS       MOVLW D'250'
0003   00A0           00042                         MOVWF CONT
                      00043 
0004   0000           00044 LOOP1   NOP
0005   0BA0           00045                 DECFSZ CONT,F
0006   2???           00046                 GOTO LOOP1
0007   0008           00047                 RETURN
                      00048 
                      00049 
MPASM  5.31                          MAIN.ASM   10-12-2022  12:04:21         PAGE  2


LOC  OBJECT CODE     LINE SOURCE TEXT
  VALUE

0008   30FA           00050 DELAY_250MS     MOVLW D'250'
0009   00A1           00051                         MOVWF CONT2
                      00052 
000A   2???           00053 LOOP2   CALL DELAY_1MS
000B   0BA1           00054                 DECFSZ CONT2,F
000C   2???           00055                 GOTO LOOP2      
000D   0008           00056                 RETURN
                      00057 
                      00058 
000E   3004           00059 DELAY_1S        MOVLW D'4'
000F   00A2           00060                 MOVWF CONT3
                      00061 
0010   2???           00062 LOOP3   CALL DELAY_250MS
0011   0BA2           00063                 DECFSZ CONT3,F
0012   2???           00064                 GOTO LOOP3      
0013   0008           00065                 RETURN
                      00066 
                      00067 
0014                  00068 ENCENDER_TODOS_LOS_LEDS
                      00069                 
0014   1683           00070                 BSF STATUS,RP0
                      00071         
0015   1006           00072                 BCF TRISB,0
0016   1086           00073                 BCF TRISB,1
0017   1106           00074                 BCF TRISB,2
0018   1186           00075                 BCF TRISB,3
                      00076                 
0019   1283           00077                 BCF STATUS,RP0
001A   1406           00078                 BSF PORTB,0
001B   1486           00079                 BSF PORTB,1
001C   1506           00080                 BSF PORTB,2
001D   1586           00081                 BSF PORTB,3
                      00082                 
001E   2???           00083                 CALL DELAY_1MS
                      00084                 
001F   1006           00085                 BCF PORTB,0
0020   1086           00086                 BCF PORTB,1
0021   1106           00087                 BCF PORTB,2
0022   1186           00088                 BCF PORTB,3
                      00089                 
0023   2???           00090                 CALL DELAY_1MS
                      00091                 
0024   0008           00092                 RETURN
                      00093         
                      00094 
0025                  00095 ENCENDER_TODOS_LOS_LEDS_1S
0025   1683           00096                 BSF STATUS,RP0
                      00097                 
0026   1006           00098                 BCF TRISB,0
0027   1086           00099                 BCF TRISB,1
0028   1106           00100                 BCF TRISB,2
0029   1186           00101                 BCF TRISB,3
                      00102                 
MPASM  5.31                          MAIN.ASM   10-12-2022  12:04:21         PAGE  3


LOC  OBJECT CODE     LINE SOURCE TEXT
  VALUE

002A   1283           00103                 BCF STATUS,RP0
                      00104                 
002B   1406           00105                 BSF PORTB,0
002C   1486           00106                 BSF PORTB,1
002D   1506           00107                 BSF PORTB,2
002E   1586           00108                 BSF PORTB,3
                      00109         
002F   2???           00110                 CALL DELAY_1S
                      00111         
0030   1006           00112                 BCF PORTB,0
0031   1086           00113                 BCF PORTB,1
0032   1106           00114                 BCF PORTB,2
0033   1186           00115                 BCF PORTB,3
                      00116         
0034   2???           00117                 CALL DELAY_1S
                      00118                 
0035   0008           00119                 RETURN
                      00120 
0036                  00121 ENCENDER_TODOS_LOS_LEDS_1S_500MS 
0036   1683           00122                 BSF STATUS,RP0
                      00123                 
0037   1006           00124                 BCF TRISB,0
0038   1086           00125                 BCF TRISB,1
0039   1106           00126                 BCF TRISB,2
003A   1186           00127                 BCF TRISB,3
                      00128                 
003B   1283           00129                 BCF STATUS,RP0
                      00130                 
003C   1406           00131                 BSF PORTB,0
003D   1486           00132                 BSF PORTB,1
003E   1506           00133                 BSF PORTB,2
003F   1586           00134                 BSF PORTB,3
                      00135         
0040   2???           00136                 CALL DELAY_1S
                      00137         
0041   1006           00138                 BCF PORTB,0
0042   1086           00139                 BCF PORTB,1
0043   1106           00140                 BCF PORTB,2
0044   1186           00141                 BCF PORTB,3
                      00142         
0045   2???           00143                 CALL DELAY_250MS
0046   2???           00144                 CALL DELAY_250MS
                      00145                 
0047   0008           00146                 RETURN
                      00147                 
0048                  00148 ENCENDER_LEDS_DE_A_UNO_500MS
0048   1683           00149                 BSF STATUS,RP0
                      00150                 
0049   1006           00151                 BCF TRISB,0
004A   1086           00152                 BCF TRISB,1
004B   1106           00153                 BCF TRISB,2
004C   1186           00154                 BCF TRISB,3
                      00155                 
MPASM  5.31                          MAIN.ASM   10-12-2022  12:04:21         PAGE  4


LOC  OBJECT CODE     LINE SOURCE TEXT
  VALUE

004D   1283           00156                 BCF STATUS,RP0
                      00157                 
004E   1406           00158                 BSF PORTB,0
004F   2???           00159                 CALL DELAY_250MS
0050   2???           00160                 CALL DELAY_250MS
                      00161                 
0051   1486           00162                 BSF PORTB,1
0052   2???           00163                 CALL DELAY_250MS
0053   2???           00164                 CALL DELAY_250MS
                      00165                 
0054   1506           00166                 BSF PORTB,2
0055   2???           00167                 CALL DELAY_250MS
0056   2???           00168                 CALL DELAY_250MS
                      00169                 
0057   1586           00170                 BSF PORTB,3
0058   2???           00171                 CALL DELAY_250MS
0059   2???           00172                 CALL DELAY_250MS
                      00173                 
005A   1006           00174                 BCF PORTB,0
005B   1086           00175                 BCF PORTB,1
005C   1106           00176                 BCF PORTB,2
005D   1186           00177                 BCF PORTB,3
005E   2???           00178                 CALL DELAY_250MS
005F   2???           00179                 CALL DELAY_250MS
                      00180         
0060   0008           00181                 RETURN
                      00182 
0061                  00183 BUCLE_LEDS_500MS
0061   1683           00184                 BSF STATUS,RP0
                      00185                 
0062   1006           00186                 BCF TRISB,0
0063   1086           00187                 BCF TRISB,1
0064   1106           00188                 BCF TRISB,2
0065   1186           00189                 BCF TRISB,3
                      00190                 
0066   1283           00191                 BCF STATUS,RP0
                      00192                 
0067   1406           00193                 BSF PORTB,0
0068   2???           00194                 CALL DELAY_250MS
0069   2???           00195                 CALL DELAY_250MS
                      00196                 
006A   1486           00197                 BSF PORTB,1
006B   2???           00198                 CALL DELAY_250MS
006C   2???           00199                 CALL DELAY_250MS
                      00200                 
006D   1506           00201                 BSF PORTB,2
006E   2???           00202                 CALL DELAY_250MS
006F   2???           00203                 CALL DELAY_250MS
                      00204                 
0070   1586           00205                 BSF PORTB,3
0071   2???           00206                 CALL DELAY_250MS
0072   2???           00207                 CALL DELAY_250MS
                      00208                 
MPASM  5.31                          MAIN.ASM   10-12-2022  12:04:21         PAGE  5


LOC  OBJECT CODE     LINE SOURCE TEXT
  VALUE

                      00209                 
0073   1186           00210                 BCF PORTB,3
0074   2???           00211                 CALL DELAY_250MS
0075   2???           00212                 CALL DELAY_250MS
                      00213                 
0076   1106           00214                 BCF PORTB,2
0077   2???           00215                 CALL DELAY_250MS
0078   2???           00216                 CALL DELAY_250MS
                      00217                 
0079   1086           00218                 BCF PORTB,1
007A   2???           00219                 CALL DELAY_250MS
007B   2???           00220                 CALL DELAY_250MS
                      00221                 
007C   1006           00222                 BCF PORTB,0
007D   2???           00223                 CALL DELAY_250MS
007E   2???           00224                 CALL DELAY_250MS
                      00225         
007F   0008           00226                 RETURN  
                      00227                 
3F01                  00228                 END
MPASM  5.31                          MAIN.ASM   10-12-2022  12:04:21         PAGE  6


SYMBOL TABLE
  LABEL                             VALUE 

ADEN                              00000003
BRGH                              00000002
BUCLE_LEDS_500MS                  00000061
C                                 00000000
C1INV                             00000004
C1OUT                             00000006
C2INV                             00000005
C2OUT                             00000007
CCP1CON                           00000017
CCP1IE                            00000002
CCP1IF                            00000002
CCP1M0                            00000000
CCP1M1                            00000001
CCP1M2                            00000002
CCP1M3                            00000003
CCP1X                             00000005
CCP1Y                             00000004
CCPR1H                            00000016
CCPR1L                            00000015
CIS                               00000003
CM0                               00000000
CM1                               00000001
CM2                               00000002
CMCON                             0000001F
CMIE                              00000006
CMIF                              00000006
CONT                              00000020
CONT2                             00000021
CONT3                             00000022
CREN                              00000004
CSRC                              00000007
DC                                00000001
DELAY_1MS                         00000002
DELAY_1S                          0000000E
DELAY_250MS                       00000008
EEADR                             0000009B
EECON1                            0000009C
EECON2                            0000009D
EEDATA                            0000009A
EEIE                              00000007
EEIF                              00000007
ENCENDER_LEDS_DE_A_UNO_500MS      00000048
ENCENDER_TODOS_LOS_LEDS           00000014
ENCENDER_TODOS_LOS_LEDS_1S        00000025
ENCENDER_TODOS_LOS_LEDS_1S_500MS  00000036
F                                 00000001
FERR                              00000002
FSR                               00000004
GIE                               00000007
INDF                              00000000
INICIO                            00000000
INTCON                            0000000B
INTE                              00000004
MPASM  5.31                          MAIN.ASM   10-12-2022  12:04:21         PAGE  7


SYMBOL TABLE
  LABEL                             VALUE 

INTEDG                            00000006
INTF                              00000001
IRP                               00000007
LOOP1                             00000004
LOOP2                             0000000A
LOOP3                             00000010
NOT_BO                            00000000
NOT_BOD                           00000000
NOT_BOR                           00000000
NOT_PD                            00000003
NOT_POR                           00000001
NOT_RBPU                          00000007
NOT_T1SYNC                        00000002
NOT_TO                            00000004
OERR                              00000001
OPTION_REG                        00000081
OSCF                              00000003
PCL                               00000002
PCLATH                            0000000A
PCON                              0000008E
PEIE                              00000006
PIE1                              0000008C
PIR1                              0000000C
PORTA                             00000005
PORTB                             00000006
PR2                               00000092
PS0                               00000000
PS1                               00000001
PS2                               00000002
PSA                               00000003
RBIE                              00000003
RBIF                              00000000
RCIE                              00000005
RCIF                              00000005
RCREG                             0000001A
RCSTA                             00000018
RD                                00000000
RP0                               00000005
RP1                               00000006
RX9                               00000006
RX9D                              00000000
SPBRG                             00000099
SPEN                              00000007
SREN                              00000005
STATUS                            00000003
SYNC                              00000004
T0CS                              00000005
T0IE                              00000005
T0IF                              00000002
T0SE                              00000004
T1CKPS0                           00000004
T1CKPS1                           00000005
T1CON                             00000010
MPASM  5.31                          MAIN.ASM   10-12-2022  12:04:21         PAGE  8


SYMBOL TABLE
  LABEL                             VALUE 

T1OSCEN                           00000003
T2CKPS0                           00000000
T2CKPS1                           00000001
T2CON                             00000012
TMR0                              00000001
TMR1CS                            00000001
TMR1H                             0000000F
TMR1IE                            00000000
TMR1IF                            00000000
TMR1L                             0000000E
TMR1ON                            00000000
TMR2                              00000011
TMR2IE                            00000001
TMR2IF                            00000001
TMR2ON                            00000002
TOUTPS0                           00000003
TOUTPS1                           00000004
TOUTPS2                           00000005
TOUTPS3                           00000006
TRISA                             00000085
TRISB                             00000086
TRMT                              00000001
TX9                               00000006
TX9D                              00000000
TXEN                              00000005
TXIE                              00000004
TXIF                              00000004
TXREG                             00000019
TXSTA                             00000098
VR0                               00000000
VR1                               00000001
VR2                               00000002
VR3                               00000003
VRCON                             0000009F
VREN                              00000007
VROE                              00000006
VRR                               00000005
W                                 00000000
WR                                00000001
WREN                              00000002
WRERR                             00000003
Z                                 00000002
_BODEN_OFF                        00003FBF
_BODEN_ON                         00003FFF
_BOREN_OFF                        00003FBF
_BOREN_ON                         00003FFF
_CP_OFF                           00003FFF
_CP_ON                            00001FFF
_DATA_CP_OFF                      00003FFF
_DATA_CP_ON                       00003EFF
_ER_OSC_CLKOUT                    00003FFF
_ER_OSC_NOCLKOUT                  00003FFE
_EXTCLK_OSC                       00003FEF
MPASM  5.31                          MAIN.ASM   10-12-2022  12:04:21         PAGE  9


SYMBOL TABLE
  LABEL                             VALUE 

_HS_OSC                           00003FEE
_INTOSC_OSC_CLKOUT                00003FFD
_INTOSC_OSC_NOCLKOUT              00003FFC
_INTRC_OSC_CLKOUT                 00003FFD
_INTRC_OSC_NOCLKOUT               00003FFC
_LP_OSC                           00003FEC
_LVP_OFF                          00003F7F
_LVP_ON                           00003FFF
_MCLRE_OFF                        00003FDF
_MCLRE_ON                         00003FFF
_PWRTE_OFF                        00003FFF
_PWRTE_ON                         00003FF7
_RC_OSC_CLKOUT                    00003FFF
_RC_OSC_NOCLKOUT                  00003FFE
_WDT_OFF                          00003FFB
_WDT_ON                           00003FFF
_XT_OSC                           00003FED
__16F628A                         00000001
__DEBUG                           1

Errors   :     0
Warnings :     0 reported,     0 suppressed
Messages :     0 reported,    20 suppressed

